Copyright 1986-2017 Xilinx, Inc. All Rights Reserved.
--------------------------------------------------------------------------------------------
| Tool Version : Vivado v.2017.2 (lin64) Build 1909853 Thu Jun 15 18:39:10 MDT 2017
| Date         : Mon Sep 30 23:55:30 2019
| Host         : omareldash-localdomain running 64-bit CentOS Linux release 7.6.1810 (Core)
| Command      : upgrade_ip
| Device       : xc7z020clg400-1
--------------------------------------------------------------------------------------------

Upgrade Log for IP 'zc702_rst_processing_system7_1_50M_0'

1. Summary
----------

SUCCESS in the conversion of zc702_rst_processing_system7_1_50M_0 (xilinx.com:ip:proc_sys_reset:5.0 (Rev. 11)) to Vivado generation flows.






Copyright 1986-2017 Xilinx, Inc. All Rights Reserved.
--------------------------------------------------------------------------------------------
| Tool Version : Vivado v.2017.2 (lin64) Build 1909853 Thu Jun 15 18:39:10 MDT 2017
| Date         : Mon Sep 30 23:55:30 2019
| Host         : omareldash-localdomain running 64-bit CentOS Linux release 7.6.1810 (Core)
| Command      : upgrade_ip
| Device       : xc7z020clg400-1
--------------------------------------------------------------------------------------------

Upgrade Log for IP 'zc702_processing_system7_1_axi_periph_0'

1. Summary
----------

SUCCESS in the conversion of zc702_processing_system7_1_axi_periph_0 (xilinx.com:ip:axi_interconnect:2.1 (Rev. 14)) to Vivado generation flows.






Copyright 1986-2017 Xilinx, Inc. All Rights Reserved.
--------------------------------------------------------------------------------------------
| Tool Version : Vivado v.2017.2 (lin64) Build 1909853 Thu Jun 15 18:39:10 MDT 2017
| Date         : Mon Sep 30 23:55:29 2019
| Host         : omareldash-localdomain running 64-bit CentOS Linux release 7.6.1810 (Core)
| Command      : upgrade_ip
| Device       : xc7z020clg400-1
--------------------------------------------------------------------------------------------

Upgrade Log for IP 'zc702_processing_system7_1_0'

1. Summary
----------

SUCCESS in the conversion of zc702_processing_system7_1_0 (xilinx.com:ip:processing_system7:5.5 (Rev. 5)) to Vivado generation flows.

2. Upgrade messages
-------------------

WARNING: upgrade cannot add parameter PCW_TRACE_INTERNAL_WIDTH with default value 32 : a parameter called PCW_TRACE_INTERNAL_WIDTH already exists in processing_system7_v5_5
WARNING: upgrade cannot add parameter PCW_USE_AXI_NONSECURE with default value 0 : a parameter called PCW_USE_AXI_NONSECURE already exists in processing_system7_v5_5
WARNING: upgrade cannot add parameter PCW_EN_PTP_ENET0 with default value 1 : a parameter called PCW_EN_PTP_ENET0 already exists in processing_system7_v5_5
WARNING: upgrade cannot add parameter PCW_EN_PTP_ENET0 with default value 1 : a parameter called PCW_EN_PTP_ENET0 already exists in processing_system7_v5_5
WARNING: upgrade cannot add parameter PCW_GP0_NUM_WRITE_THREADS with default value 4 : a parameter called PCW_GP0_NUM_WRITE_THREADS already exists in processing_system7_v5_5
WARNING: upgrade cannot add parameter PCW_GP0_NUM_READ_THREADS with default value 4 : a parameter called PCW_GP0_NUM_READ_THREADS already exists in processing_system7_v5_5
WARNING: upgrade cannot add parameter PCW_GP1_NUM_WRITE_THREADS with default value 4 : a parameter called PCW_GP1_NUM_WRITE_THREADS already exists in processing_system7_v5_5
WARNING: upgrade cannot add parameter PCW_GP1_NUM_READ_THREADS with default value 4 : a parameter called PCW_GP1_NUM_READ_THREADS already exists in processing_system7_v5_5
WARNING: upgrade cannot add parameter PCW_GP0_EN_MODIFIABLE_TXN with default value 0 : a parameter called PCW_GP0_EN_MODIFIABLE_TXN already exists in processing_system7_v5_5
WARNING: upgrade cannot add parameter PCW_GP1_EN_MODIFIABLE_TXN with default value 0 : a parameter called PCW_GP1_EN_MODIFIABLE_TXN already exists in processing_system7_v5_5

