Copyright 1986-2017 Xilinx, Inc. All Rights Reserved.
------------------------------------------------------------------------------------------------------------------------------
| Tool Version : Vivado v.2017.2 (lin64) Build 1909853 Thu Jun 15 18:39:10 MDT 2017
| Date         : Wed Oct 16 15:50:43 2019
| Host         : omareldash-localdomain running 64-bit CentOS Linux release 7.6.1810 (Core)
| Command      : report_drc -file zynq_wrapper_drc_routed.rpt -pb zynq_wrapper_drc_routed.pb -rpx zynq_wrapper_drc_routed.rpx
| Design       : zynq_wrapper
| Device       : xc7z020clg484-1
| Speed File   : -1
| Design State : Routed
------------------------------------------------------------------------------------------------------------------------------

Report DRC

Table of Contents
-----------------
1. REPORT SUMMARY
2. REPORT DETAILS

1. REPORT SUMMARY
-----------------
            Netlist: netlist
          Floorplan: design_1
      Design limits: <entire design considered>
           Ruledeck: default
             Max violations: <unlimited>
             Violations found: 8
+--------+----------+------------------+------------+
| Rule   | Severity | Description      | Violations |
+--------+----------+------------------+------------+
| DPIP-1 | Warning  | Input pipelining | 8          |
+--------+----------+------------------+------------+

2. REPORT DETAILS
-----------------
DPIP-1#1 Warning
Input pipelining  
DSP accelerator/PU_GEN[0].u_PU/PE_GENBLK[0].u_PE/MACC_pe/out_reg_reg input accelerator/PU_GEN[0].u_PU/PE_GENBLK[0].u_PE/MACC_pe/out_reg_reg/C[47:0] is not pipelined. Pipelining DSP48 input will improve performance.
Related violations: <none>

DPIP-1#2 Warning
Input pipelining  
DSP accelerator/PU_GEN[0].u_PU/PE_GENBLK[1].u_PE/MACC_pe/out_reg_reg input accelerator/PU_GEN[0].u_PU/PE_GENBLK[1].u_PE/MACC_pe/out_reg_reg/C[47:0] is not pipelined. Pipelining DSP48 input will improve performance.
Related violations: <none>

DPIP-1#3 Warning
Input pipelining  
DSP accelerator/PU_GEN[0].u_PU/PE_GENBLK[2].u_PE/MACC_pe/out_reg_reg input accelerator/PU_GEN[0].u_PU/PE_GENBLK[2].u_PE/MACC_pe/out_reg_reg/C[47:0] is not pipelined. Pipelining DSP48 input will improve performance.
Related violations: <none>

DPIP-1#4 Warning
Input pipelining  
DSP accelerator/PU_GEN[0].u_PU/PE_GENBLK[3].u_PE/MACC_pe/out_reg_reg input accelerator/PU_GEN[0].u_PU/PE_GENBLK[3].u_PE/MACC_pe/out_reg_reg/C[47:0] is not pipelined. Pipelining DSP48 input will improve performance.
Related violations: <none>

DPIP-1#5 Warning
Input pipelining  
DSP accelerator/PU_GEN[0].u_PU/PE_GENBLK[4].u_PE/MACC_pe/out_reg_reg input accelerator/PU_GEN[0].u_PU/PE_GENBLK[4].u_PE/MACC_pe/out_reg_reg/C[47:0] is not pipelined. Pipelining DSP48 input will improve performance.
Related violations: <none>

DPIP-1#6 Warning
Input pipelining  
DSP accelerator/PU_GEN[0].u_PU/PE_GENBLK[5].u_PE/MACC_pe/out_reg_reg input accelerator/PU_GEN[0].u_PU/PE_GENBLK[5].u_PE/MACC_pe/out_reg_reg/C[47:0] is not pipelined. Pipelining DSP48 input will improve performance.
Related violations: <none>

DPIP-1#7 Warning
Input pipelining  
DSP accelerator/PU_GEN[0].u_PU/PE_GENBLK[6].u_PE/MACC_pe/out_reg_reg input accelerator/PU_GEN[0].u_PU/PE_GENBLK[6].u_PE/MACC_pe/out_reg_reg/C[47:0] is not pipelined. Pipelining DSP48 input will improve performance.
Related violations: <none>

DPIP-1#8 Warning
Input pipelining  
DSP accelerator/PU_GEN[0].u_PU/PE_GENBLK[7].u_PE/MACC_pe/out_reg_reg input accelerator/PU_GEN[0].u_PU/PE_GENBLK[7].u_PE/MACC_pe/out_reg_reg/C[47:0] is not pipelined. Pipelining DSP48 input will improve performance.
Related violations: <none>


